<?xml version="1.0" encoding="utf-8"?><testsuites name="pytest tests"><testsuite name="pytest" errors="0" failures="0" skipped="0" tests="21" time="32.325" timestamp="2026-07-28T11:25:29.598243+08:00" hostname="zynno2"><testcase classname="api.test_tc_auth" name="test_tc_001_register_success" time="0.346" /><testcase classname="api.test_tc_auth" name="test_tc_003_register_invalid_email_or_short_password" time="0.071" /><testcase classname="api.test_tc_auth" name="test_tc_004_login_success" time="0.401" /><testcase classname="api.test_tc_auth" name="test_tc_005_login_wrong_password" time="0.272" /><testcase classname="api.test_tc_auth" name="test_tc_006_protected_without_token" time="0.047" /><testcase classname="api.test_tc_auth" name="test_tc_007_token_invalid_after_clear" time="0.263" /><testcase classname="api.test_tc_misc" name="test_tc_022_summary_or_wiki" time="0.674" /><testcase classname="api.test_tc_misc" name="test_tc_025_graph" time="0.252" /><testcase classname="api.test_tc_misc" name="test_tc_027_qa_endpoint_shape" time="5.075" /><testcase classname="api.test_tc_misc" name="test_tc_033_create_note" time="0.345" /><testcase classname="api.test_tc_misc" name="test_tc_039_learning_profile_and_actions" time="0.328" /><testcase classname="api.test_tc_misc" name="test_tc_049_normal_user_admin_forbidden" time="0.298" /><testcase classname="api.test_tc_misc" name="test_tc_066_admin_delete_forbidden_for_user" time="0.495" /><testcase classname="api.test_tc_misc" name="test_tc_067_login_injection_safe" time="0.089" /><testcase classname="api.test_tc_workspace" name="test_tc_008_recommendations_three_feeds" time="0.558" /><testcase classname="api.test_tc_workspace" name="test_tc_010_smart_search_basic" time="3.934" /><testcase classname="api.test_tc_workspace" name="test_tc_011_smart_search_no_hit" time="5.555" /><testcase classname="api.test_tc_workspace" name="test_tc_012_smart_search_empty_query" time="1.629" /><testcase classname="api.test_tc_workspace" name="test_tc_013_smart_search_pagination" time="10.688" /><testcase classname="api.test_tc_workspace" name="test_tc_014_paper_detail" time="0.524" /><testcase classname="api.test_tc_workspace" name="test_tc_015_paper_not_found" time="0.406" /></testsuite></testsuites>