<?xml version="1.0" encoding="utf-8"?><testsuites name="pytest tests"><testsuite name="pytest" errors="0" failures="1" skipped="0" tests="39" time="82.567" timestamp="2026-07-28T11:45:49.316005+08:00" hostname="zynno2"><testcase classname="api.test_tc_auth" name="test_tc_001_register_success" time="0.293" /><testcase classname="api.test_tc_auth" name="test_tc_003_register_invalid_email_or_short_password" time="0.056" /><testcase classname="api.test_tc_auth" name="test_tc_004_login_success" time="0.296" /><testcase classname="api.test_tc_auth" name="test_tc_005_login_wrong_password" time="0.273" /><testcase classname="api.test_tc_auth" name="test_tc_006_protected_without_token" time="0.069" /><testcase classname="api.test_tc_auth" name="test_tc_007_token_invalid_after_clear" time="0.207" /><testcase classname="api.test_tc_extended" name="test_tc_023_summary_on_fresh_or_any" time="0.349" /><testcase classname="api.test_tc_extended" name="test_tc_028_qa_wiki_scope" time="5.958" /><testcase classname="api.test_tc_extended" name="test_tc_029_qa_chunks_only_may_fail_gracefully" time="6.420" /><testcase classname="api.test_tc_extended" name="test_tc_031_reading_assist" time="0.213" /><testcase classname="api.test_tc_extended" name="test_tc_032_assist_modes" time="0.260" /><testcase classname="api.test_tc_extended" name="test_tc_036_public_comment" time="0.400" /><testcase classname="api.test_tc_extended" name="test_tc_037_compare" time="10.256" /><testcase classname="api.test_tc_extended" name="test_tc_038_compare_missing_other" time="0.202" /><testcase classname="api.test_tc_extended" name="test_tc_040_update_topics" time="0.258" /><testcase classname="api.test_tc_extended" name="test_tc_042_dictionary" time="0.259" /><testcase classname="api.test_tc_extended" name="test_tc_043_subscriptions_list" time="0.196"><failure message="assert 400 in {200, 401, 403, 422}&#10; +  where 400 = &lt;Response [400 Bad Request]&gt;.status_code">E   assert 400 in {200, 401, 403, 422}
     +  where 400 = &lt;Response [400 Bad Request]&gt;.status_code</failure></testcase><testcase classname="api.test_tc_extended" name="test_tc_045_fetch_invalid_arxiv" time="5.870" /><testcase classname="api.test_tc_extended" name="test_tc_046_account_update_requires_password" time="0.321" /><testcase classname="api.test_tc_extended" name="test_tc_024_wiki_endpoint" time="0.255" /><testcase classname="api.test_tc_extended" name="test_tc_026_graph_refresh" time="0.239" /><testcase classname="api.test_tc_extended" name="test_tc_030_qa_followup" time="17.778" /><testcase classname="api.test_tc_extended" name="test_tc_041_actions_empty_ok" time="0.183" /><testcase classname="api.test_tc_extended" name="test_tc_047_persona_switch" time="0.179" /><testcase classname="api.test_tc_misc" name="test_tc_022_summary_or_wiki" time="0.197" /><testcase classname="api.test_tc_misc" name="test_tc_025_graph" time="0.211" /><testcase classname="api.test_tc_misc" name="test_tc_027_qa_endpoint_shape" time="7.244" /><testcase classname="api.test_tc_misc" name="test_tc_033_create_note" time="0.337" /><testcase classname="api.test_tc_misc" name="test_tc_039_learning_profile_and_actions" time="0.238" /><testcase classname="api.test_tc_misc" name="test_tc_049_normal_user_admin_forbidden" time="0.397" /><testcase classname="api.test_tc_misc" name="test_tc_066_admin_delete_forbidden_for_user" time="0.259" /><testcase classname="api.test_tc_misc" name="test_tc_067_login_injection_safe" time="0.050" /><testcase classname="api.test_tc_workspace" name="test_tc_008_recommendations_three_feeds" time="0.378" /><testcase classname="api.test_tc_workspace" name="test_tc_010_smart_search_basic" time="6.648" /><testcase classname="api.test_tc_workspace" name="test_tc_011_smart_search_no_hit" time="6.671" /><testcase classname="api.test_tc_workspace" name="test_tc_012_smart_search_empty_query" time="1.797" /><testcase classname="api.test_tc_workspace" name="test_tc_013_smart_search_pagination" time="6.758" /><testcase classname="api.test_tc_workspace" name="test_tc_014_paper_detail" time="0.308" /><testcase classname="api.test_tc_workspace" name="test_tc_015_paper_not_found" time="0.182" /></testsuite></testsuites>