<?xml version="1.0" encoding="utf-8"?><testsuites name="pytest tests"><testsuite name="pytest" errors="0" failures="0" skipped="0" tests="21" time="29.001" timestamp="2026-07-28T10:45:18.228467+08:00" hostname="zynno2"><testcase classname="api.test_tc_auth" name="test_tc_001_register_success" time="0.296" /><testcase classname="api.test_tc_auth" name="test_tc_003_register_invalid_email_or_short_password" time="0.058" /><testcase classname="api.test_tc_auth" name="test_tc_004_login_success" time="0.323" /><testcase classname="api.test_tc_auth" name="test_tc_005_login_wrong_password" time="0.538" /><testcase classname="api.test_tc_auth" name="test_tc_006_protected_without_token" time="0.059" /><testcase classname="api.test_tc_auth" name="test_tc_007_token_invalid_after_clear" time="0.180" /><testcase classname="api.test_tc_misc" name="test_tc_022_summary_or_wiki" time="0.315" /><testcase classname="api.test_tc_misc" name="test_tc_025_graph" time="0.184" /><testcase classname="api.test_tc_misc" name="test_tc_027_qa_endpoint_shape" time="7.603" /><testcase classname="api.test_tc_misc" name="test_tc_033_create_note" time="0.332" /><testcase classname="api.test_tc_misc" name="test_tc_039_learning_profile_and_actions" time="0.288" /><testcase classname="api.test_tc_misc" name="test_tc_049_normal_user_admin_forbidden" time="0.194" /><testcase classname="api.test_tc_misc" name="test_tc_066_admin_delete_forbidden_for_user" time="0.199" /><testcase classname="api.test_tc_misc" name="test_tc_067_login_injection_safe" time="0.050" /><testcase classname="api.test_tc_workspace" name="test_tc_008_recommendations_three_feeds" time="0.528" /><testcase classname="api.test_tc_workspace" name="test_tc_010_smart_search_basic" time="3.591" /><testcase classname="api.test_tc_workspace" name="test_tc_011_smart_search_no_hit" time="4.332" /><testcase classname="api.test_tc_workspace" name="test_tc_012_smart_search_empty_query" time="1.541" /><testcase classname="api.test_tc_workspace" name="test_tc_013_smart_search_pagination" time="7.773" /><testcase classname="api.test_tc_workspace" name="test_tc_014_paper_detail" time="0.232" /><testcase classname="api.test_tc_workspace" name="test_tc_015_paper_not_found" time="0.316" /></testsuite></testsuites>