<?xml version="1.0" encoding="utf-8"?><testsuites name="pytest tests"><testsuite name="pytest" errors="0" failures="1" skipped="0" tests="39" time="102.992" timestamp="2026-07-28T11:41:08.903976+08:00" hostname="zynno2"><testcase classname="api.test_tc_auth" name="test_tc_001_register_success" time="0.316" /><testcase classname="api.test_tc_auth" name="test_tc_003_register_invalid_email_or_short_password" time="0.085" /><testcase classname="api.test_tc_auth" name="test_tc_004_login_success" time="0.309" /><testcase classname="api.test_tc_auth" name="test_tc_005_login_wrong_password" time="0.378" /><testcase classname="api.test_tc_auth" name="test_tc_006_protected_without_token" time="0.075" /><testcase classname="api.test_tc_auth" name="test_tc_007_token_invalid_after_clear" time="0.401" /><testcase classname="api.test_tc_extended" name="test_tc_023_summary_on_fresh_or_any" time="0.192" /><testcase classname="api.test_tc_extended" name="test_tc_028_qa_wiki_scope" time="5.690" /><testcase classname="api.test_tc_extended" name="test_tc_029_qa_chunks_only_may_fail_gracefully" time="6.660" /><testcase classname="api.test_tc_extended" name="test_tc_031_reading_assist" time="0.247" /><testcase classname="api.test_tc_extended" name="test_tc_032_assist_modes" time="24.641" /><testcase classname="api.test_tc_extended" name="test_tc_036_public_comment" time="0.455" /><testcase classname="api.test_tc_extended" name="test_tc_037_compare" time="10.540" /><testcase classname="api.test_tc_extended" name="test_tc_038_compare_missing_other" time="0.297" /><testcase classname="api.test_tc_extended" name="test_tc_040_update_topics" time="0.471" /><testcase classname="api.test_tc_extended" name="test_tc_042_dictionary" time="0.344" /><testcase classname="api.test_tc_extended" name="test_tc_043_subscriptions_list" time="0.231"><failure message="assert 400 in {200, 401, 403, 422}&#10; +  where 400 = &lt;Response [400 Bad Request]&gt;.status_code">E   assert 400 in {200, 401, 403, 422}
     +  where 400 = &lt;Response [400 Bad Request]&gt;.status_code</failure></testcase><testcase classname="api.test_tc_extended" name="test_tc_045_fetch_invalid_arxiv" time="6.342" /><testcase classname="api.test_tc_extended" name="test_tc_046_account_update_requires_password" time="0.318" /><testcase classname="api.test_tc_extended" name="test_tc_024_wiki_endpoint" time="0.197" /><testcase classname="api.test_tc_extended" name="test_tc_026_graph_refresh" time="0.332" /><testcase classname="api.test_tc_extended" name="test_tc_030_qa_followup" time="14.831" /><testcase classname="api.test_tc_extended" name="test_tc_041_actions_empty_ok" time="0.177" /><testcase classname="api.test_tc_extended" name="test_tc_047_persona_switch" time="0.290" /><testcase classname="api.test_tc_misc" name="test_tc_022_summary_or_wiki" time="0.299" /><testcase classname="api.test_tc_misc" name="test_tc_025_graph" time="0.251" /><testcase classname="api.test_tc_misc" name="test_tc_027_qa_endpoint_shape" time="5.394" /><testcase classname="api.test_tc_misc" name="test_tc_033_create_note" time="0.461" /><testcase classname="api.test_tc_misc" name="test_tc_039_learning_profile_and_actions" time="0.277" /><testcase classname="api.test_tc_misc" name="test_tc_049_normal_user_admin_forbidden" time="0.166" /><testcase classname="api.test_tc_misc" name="test_tc_066_admin_delete_forbidden_for_user" time="0.444" /><testcase classname="api.test_tc_misc" name="test_tc_067_login_injection_safe" time="0.050" /><testcase classname="api.test_tc_workspace" name="test_tc_008_recommendations_three_feeds" time="0.644" /><testcase classname="api.test_tc_workspace" name="test_tc_010_smart_search_basic" time="4.143" /><testcase classname="api.test_tc_workspace" name="test_tc_011_smart_search_no_hit" time="6.031" /><testcase classname="api.test_tc_workspace" name="test_tc_012_smart_search_empty_query" time="1.577" /><testcase classname="api.test_tc_workspace" name="test_tc_013_smart_search_pagination" time="8.917" /><testcase classname="api.test_tc_workspace" name="test_tc_014_paper_detail" time="0.193" /><testcase classname="api.test_tc_workspace" name="test_tc_015_paper_not_found" time="0.201" /></testsuite></testsuites>